[11:50:30] Using gulpfile ~/Documents/Uni/MEng Computer Science/Third Year/COMP3200 - Individual Project/App/comp3200/client/gulpfile.js
[11:50:30] Starting 'build'...
[11:50:30] Starting 'clean'...
[11:50:30] Finished 'clean' after 89 ms
[11:50:30] Starting 'build-system'...
[11:50:30] Starting 'build-html'...
[11:50:30] Starting 'build-css'...
[11:50:30] Finished 'build-css' after 100 ms
[11:50:31] Finished 'build-html' after 602 ms
[11:50:33] Finished 'build-system' after 3.41 s
[11:50:33] Finished 'build' after 3.5 s
[11:50:33] Starting 'serve'...
[BS] Local URL: http://localhost:9000
[BS] Serving files from: .
[11:50:34] Finished 'serve' after 210 ms
[11:50:34] Starting 'watch'...
[11:50:34] Finished 'watch' after 67 ms
[11:50:54] Starting 'build-system'...
[11:50:55] Finished 'build-system' after 1.09 s
[BS] Reloading Browsers...
[11:52:17] Starting 'build-system'...
src/canvas.ts(3,34): error TS2307: Cannot find module './config-dialogs/link-config-dialog'.
src/canvas.ts(4,31): error TS2307: Cannot find module './config-dialogs/add-node-dialog'.
src/canvas.ts(6,27): error TS2307: Cannot find module './animation'.
src/canvas.ts(7,25): error TS2307: Cannot find module './wiretap'.
[11:52:19] TypeScript: 4 semantic errors
[11:52:20] TypeScript: emit succeeded (with errors)
[11:52:20] Finished 'build-system' after 2.02 s
[BS] Reloading Browsers...
[11:56:10] Starting 'build-html'...
[11:56:10] Finished 'build-html' after 32 ms
[BS] Reloading Browsers...
[11:57:42] Starting 'build-html'...
[11:57:42] Finished 'build-html' after 26 ms
[BS] Reloading Browsers...
[11:58:19] Starting 'build-html'...
[11:58:19] Finished 'build-html' after 23 ms
[BS] Reloading Browsers...
[11:59:10] Starting 'build-html'...
[11:59:10] Finished 'build-html' after 26 ms
[BS] Reloading Browsers...
[11:59:21] Starting 'build-html'...
[11:59:21] Finished 'build-html' after 17 ms
[BS] Reloading Browsers...
[11:59:40] Starting 'build-html'...
[11:59:40] Finished 'build-html' after 14 ms
[BS] Reloading Browsers...
[11:59:57] Starting 'build-html'...
[11:59:57] Finished 'build-html' after 15 ms
[BS] Reloading Browsers...
[12:00:24] Starting 'build-html'...
[12:00:24] Finished 'build-html' after 10 ms
[BS] Reloading Browsers...
[12:00:34] Starting 'build-html'...
[12:00:34] Finished 'build-html' after 16 ms
[BS] Reloading Browsers...
[12:00:43] Starting 'build-html'...
[12:00:43] Finished 'build-html' after 15 ms
[BS] Reloading Browsers...
[12:00:52] Starting 'build-html'...
[12:00:52] Finished 'build-html' after 22 ms
[BS] Reloading Browsers...
[12:01:15] Starting 'build-html'...
[12:01:15] Finished 'build-html' after 16 ms
[BS] Reloading Browsers...
[12:03:54] Starting 'build-html'...
[12:03:54] Finished 'build-html' after 15 ms
[BS] Reloading Browsers...
[12:04:08] Starting 'build-html'...
[12:04:08] Finished 'build-html' after 19 ms
[BS] Reloading Browsers...
[12:04:22] Starting 'build-html'...
[12:04:22] Finished 'build-html' after 15 ms
[BS] Reloading Browsers...
[12:04:33] Starting 'build-html'...
[12:04:33] Finished 'build-html' after 12 ms
[BS] Reloading Browsers...
[12:04:39] Starting 'build-html'...
[12:04:39] Finished 'build-html' after 14 ms
[BS] Reloading Browsers...
[12:04:50] Starting 'build-html'...
[12:04:50] Finished 'build-html' after 11 ms
[BS] Reloading Browsers...
[12:05:07] Starting 'build-html'...
[12:05:07] Finished 'build-html' after 13 ms
[BS] Reloading Browsers...
[12:05:32] Starting 'build-html'...
[12:05:32] Finished 'build-html' after 16 ms
[BS] Reloading Browsers...
[12:06:21] Starting 'build-html'...
[12:06:21] Finished 'build-html' after 16 ms
[BS] Reloading Browsers...
[12:06:29] Starting 'build-html'...
[12:06:29] Finished 'build-html' after 12 ms
[BS] Reloading Browsers...
[12:07:44] Starting 'build-html'...
[12:07:44] Finished 'build-html' after 19 ms
[BS] Reloading Browsers...
[12:07:53] Starting 'build-html'...
[12:07:53] Finished 'build-html' after 11 ms
[BS] Reloading Browsers...
[12:08:02] Starting 'build-html'...
[12:08:02] Finished 'build-html' after 12 ms
[BS] Reloading Browsers...
[12:08:10] Starting 'build-html'...
[12:08:10] Finished 'build-html' after 8.98 ms
[BS] Reloading Browsers...
[12:08:37] Starting 'build-html'...
[12:08:37] Finished 'build-html' after 15 ms
[BS] Reloading Browsers...
[12:10:22] Starting 'build-system'...
src/components/crypto-box.ts(24,34): error TS2339: Property 'popover' does not exist on type 'ElementFinder'.
[12:10:23] TypeScript: 1 semantic error
[12:10:23] TypeScript: emit succeeded (with errors)
[12:10:23] Finished 'build-system' after 1.1 s
[BS] Reloading Browsers...
[12:11:01] Starting 'build-system'...
[12:11:02] Finished 'build-system' after 1 s
[BS] Reloading Browsers...
[12:11:14] Starting 'build-html'...
[12:11:14] Finished 'build-html' after 17 ms
[BS] Reloading Browsers...
[12:11:52] Starting 'build-html'...
[12:11:52] Finished 'build-html' after 24 ms
[BS] Reloading Browsers...
[12:12:12] Starting 'build-html'...
[12:12:12] Finished 'build-html' after 12 ms
[BS] Reloading Browsers...
[12:12:57] Starting 'build-html'...
[12:12:57] Finished 'build-html' after 16 ms
[BS] Reloading Browsers...
[BS] Reloading Browsers...
[BS] Reloading Browsers...
[12:14:50] Starting 'build-html'...
[12:14:50] Finished 'build-html' after 21 ms
[BS] Reloading Browsers...
[12:14:54] Starting 'build-html'...
[12:14:54] Finished 'build-html' after 11 ms
[BS] Reloading Browsers...
[12:15:07] Starting 'build-html'...
[12:15:07] Finished 'build-html' after 16 ms
[BS] Reloading Browsers...
[BS] Reloading Browsers...
[12:15:23] Starting 'build-html'...
[12:15:23] Finished 'build-html' after 10 ms
[BS] Reloading Browsers...
[12:15:35] Starting 'build-html'...
[12:15:35] Finished 'build-html' after 12 ms
[BS] Reloading Browsers...
[BS] Reloading Browsers...
[BS] Reloading Browsers...
[12:16:39] Starting 'build-html'...
[12:16:39] Finished 'build-html' after 13 ms
[BS] Reloading Browsers...
[12:16:51] Starting 'build-html'...
[12:16:51] Finished 'build-html' after 14 ms
[BS] Reloading Browsers...
[12:17:27] Starting 'build-system'...
[12:17:28] Finished 'build-system' after 889 ms
[BS] Reloading Browsers...
[12:17:53] Starting 'build-system'...
[12:17:54] Finished 'build-system' after 1.08 s
[BS] Reloading Browsers...
[12:17:56] Starting 'build-system'...
[12:17:58] Finished 'build-system' after 1.12 s
[BS] Reloading Browsers...
[12:17:59] Starting 'build-html'...
[12:18:00] Finished 'build-html' after 51 ms
[BS] Reloading Browsers...
[12:18:02] Starting 'build-system'...
[12:18:03] Finished 'build-system' after 1 s
[BS] Reloading Browsers...
[12:18:05] Starting 'build-html'...
[12:18:05] Finished 'build-html' after 15 ms
[BS] Reloading Browsers...
[12:18:16] Starting 'build-html'...
[12:18:16] Finished 'build-html' after 15 ms
[BS] Reloading Browsers...
[12:34:37] Starting 'build-system'...
src/components/emv-card-simulator.ts(4,31): error TS2307: Cannot find module './card/jsim-emv-applet'.
src/components/emv-card-simulator.ts(6,34): error TS2307: Cannot find module '../config-dialogs/node-config-dialog'.
[12:34:38] TypeScript: 2 semantic errors
[12:34:38] TypeScript: emit succeeded (with errors)
[12:34:38] Finished 'build-system' after 777 ms
[BS] Reloading Browsers...
[12:34:53] Starting 'build-system'...
src/components/emv-card-simulator.ts(4,31): error TS2307: Cannot find module './card/jsim-emv-applet'.
src/components/emv-card-simulator.ts(6,34): error TS2307: Cannot find module '../config-dialogs/node-config-dialog'.
src/components/emv-card-simulator.ts(163,115): error TS1085: Octal literals are not available when targeting ECMAScript 5 and higher.
src/components/emv-card-simulator.ts(163,115): error TS1121: Octal literals are not allowed in strict mode.
[12:34:54] TypeScript: 4 semantic errors
[12:34:54] TypeScript: emit succeeded (with errors)
[12:34:54] Finished 'build-system' after 722 ms
[BS] Reloading Browsers...
[12:35:11] Starting 'build-system'...
src/components/emv-card-simulator.ts(4,31): error TS2307: Cannot find module './card/jsim-emv-applet'.
src/components/emv-card-simulator.ts(6,34): error TS2307: Cannot find module '../config-dialogs/node-config-dialog'.
src/components/emv-card-simulator.ts(163,115): error TS1085: Octal literals are not available when targeting ECMAScript 5 and higher.
src/components/emv-card-simulator.ts(163,115): error TS1121: Octal literals are not allowed in strict mode.
[12:35:12] TypeScript: 4 semantic errors
[12:35:12] TypeScript: emit succeeded (with errors)
[12:35:12] Finished 'build-system' after 726 ms
[BS] Reloading Browsers...
[12:35:35] Starting 'build-system'...
src/components/emv-card-simulator.ts(4,31): error TS2307: Cannot find module './card/jsim-emv-applet'.
src/components/emv-card-simulator.ts(6,34): error TS2307: Cannot find module '../config-dialogs/node-config-dialog'.
[12:35:36] TypeScript: 2 semantic errors
[12:35:36] TypeScript: emit succeeded (with errors)
[12:35:36] Finished 'build-system' after 1.09 s
[BS] Reloading Browsers...
[12:35:43] Starting 'build-system'...
src/components/emv-card-simulator.ts(4,31): error TS2307: Cannot find module './card/jsim-emv-applet'.
src/components/emv-card-simulator.ts(6,34): error TS2307: Cannot find module '../config-dialogs/node-config-dialog'.
src/components/emv-card-simulator.ts(163,115): error TS1085: Octal literals are not available when targeting ECMAScript 5 and higher.
src/components/emv-card-simulator.ts(163,115): error TS1121: Octal literals are not allowed in strict mode.
[12:35:44] TypeScript: 4 semantic errors
[12:35:44] TypeScript: emit succeeded (with errors)
[12:35:44] Finished 'build-system' after 587 ms
[BS] Reloading Browsers...
[12:35:44] Starting 'build-system'...
[12:35:45] Finished 'build-system' after 939 ms
[BS] Reloading Browsers...
[12:36:30] Starting 'build-system'...
src/components/emv-card-simulator.ts(4,31): error TS2307: Cannot find module './card/jsim-emv-applet'.
src/components/emv-card-simulator.ts(6,34): error TS2307: Cannot find module '../config-dialogs/node-config-dialog'.
[12:36:31] TypeScript: 2 semantic errors
[12:36:31] TypeScript: emit succeeded (with errors)
[12:36:31] Finished 'build-system' after 823 ms
[BS] Reloading Browsers...
[12:37:57] Starting 'build-html'...
[12:37:57] Finished 'build-html' after 18 ms
[BS] Reloading Browsers...
[12:38:18] Starting 'build-html'...
[12:38:18] Finished 'build-html' after 23 ms
[BS] Reloading Browsers...
[12:38:29] Starting 'build-system'...
src/components/emv-card-simulator.ts(4,31): error TS2307: Cannot find module './card/jsim-emv-applet'.
src/components/emv-card-simulator.ts(6,34): error TS2307: Cannot find module '../config-dialogs/node-config-dialog'.
[12:38:30] TypeScript: 2 semantic errors
[12:38:30] TypeScript: emit succeeded (with errors)
[12:38:30] Finished 'build-system' after 917 ms
[BS] Reloading Browsers...
[12:41:43] Starting 'build-html'...
[12:41:43] Finished 'build-html' after 20 ms
[BS] Reloading Browsers...
[12:41:58] Starting 'build-html'...
[12:41:58] Finished 'build-html' after 11 ms
[BS] Reloading Browsers...
[12:42:15] Starting 'build-html'...
[12:42:15] Finished 'build-html' after 11 ms
[BS] Reloading Browsers...
